Using pre-set license
Built from '2020.3/staging' branch; Version is '2020.3.14f1 (d0d1bb862f9d) revision 13685179'; Using compiler version '192528614'; Build Type 'Release'
OS: 'Windows 10 Home; OS build 19043.1165; Version 2009; 64bit' Language: 'ko' Physical Memory: 24253 MB
BatchMode: 1, IsHumanControllingUs: 0, StartBugReporterOnCrash: 0, Is64bit: 1, IsPro: 0

 COMMAND LINE ARGUMENTS:
C:\Program Files\Unity\Hub\Editor\2020.3.14f1\Editor\Unity.exe
-adb2
-batchMode
-noUpm
-name
AssetImportWorker0
-projectPath
C:/Users/user/SuperHot_3
-logFile
Logs/AssetImportWorker0.log
-srvPort
55998
Successfully changed project path to: C:/Users/user/SuperHot_3
C:/Users/user/SuperHot_3
Using Asset Import Pipeline V2.
Refreshing native plugins compatible for Editor in 33.85 ms, found 2 plugins.
Preloading 0 native plugins for Editor in 0.00 ms.
Initialize engine version: 2020.3.14f1 (d0d1bb862f9d)
[Subsystems] Discovering subsystems at path C:/Program Files/Unity/Hub/Editor/2020.3.14f1/Editor/Data/Resources/UnitySubsystems
[Subsystems] Discovering subsystems at path C:/Users/user/SuperHot_3/Assets
GfxDevice: creating device client; threaded=0
Direct3D:
    Version:  Direct3D 11.0 [level 11.1]
    Renderer: NVIDIA GeForce RTX 3060 Laptop GPU (ID=0x2520)
    Vendor:   
    VRAM:     6023 MB
    Driver:   27.21.14.6235
Initialize mono
Mono path[0] = 'C:/Program Files/Unity/Hub/Editor/2020.3.14f1/Editor/Data/Managed'
Mono path[1] = 'C:/Program Files/Unity/Hub/Editor/2020.3.14f1/Editor/Data/MonoBleedingEdge/lib/mono/unityjit'
Mono config path = 'C:/Program Files/Unity/Hub/Editor/2020.3.14f1/Editor/Data/MonoBleedingEdge/etc'
Using monoOptions --debugger-agent=transport=dt_socket,embedding=1,server=y,suspend=n,address=127.0.0.1:56908
Begin MonoManager ReloadAssembly
Registering precompiled unity dll's ...
Register platform support module: C:/Program Files/Unity/Hub/Editor/2020.3.14f1/Editor/Data/PlaybackEngines/WindowsStandaloneSupport/UnityEditor.WindowsStandalone.Extensions.dll
Registered in 0.001705 seconds.
Native extension for WindowsStandalone target not found
Refreshing native plugins compatible for Editor in 36.47 ms, found 2 plugins.
Preloading 0 native plugins for Editor in 0.00 ms.
Mono: successfully reloaded assembly
- Completed reload, in  2.113 seconds
Domain Reload Profiling:
	ReloadAssembly (2113ms)
		BeginReloadAssembly (42ms)
			ExecutionOrderSort (0ms)
			DisableScriptedObjects (0ms)
			BackupInstance (0ms)
			ReleaseScriptingObjects (0ms)
			CreateAndSetChildDomain (1ms)
		EndReloadAssembly (382ms)
			LoadAssemblies (40ms)
			RebuildTransferFunctionScriptingTraits (0ms)
			SetupTypeCache (120ms)
			ReleaseScriptCaches (0ms)
			RebuildScriptCaches (34ms)
			SetupLoadedEditorAssemblies (165ms)
				LogAssemblyErrors (0ms)
				InitializePlatformSupportModulesInManaged (4ms)
				SetLoadedEditorAssemblies (0ms)
				RefreshPlugins (37ms)
				BeforeProcessingInitializeOnLoad (15ms)
				ProcessInitializeOnLoadAttributes (86ms)
				ProcessInitializeOnLoadMethodAttributes (24ms)
				AfterProcessingInitializeOnLoad (0ms)
				EditorAssembliesLoaded (0ms)
			ExecutionOrderSort2 (0ms)
			AwakeInstancesAfterBackupRestoration (0ms)
Platform modules already initialized, skipping
Registering precompiled user dll's ...
Registered in 0.003697 seconds.
Begin MonoManager ReloadAssembly
Native extension for WindowsStandalone target not found
Refreshing native plugins compatible for Editor in 0.39 ms, found 2 plugins.
Preloading 0 native plugins for Editor in 0.00 ms.
Mono: successfully reloaded assembly
- Completed reload, in  0.882 seconds
Domain Reload Profiling:
	ReloadAssembly (883ms)
		BeginReloadAssembly (132ms)
			ExecutionOrderSort (0ms)
			DisableScriptedObjects (5ms)
			BackupInstance (0ms)
			ReleaseScriptingObjects (0ms)
			CreateAndSetChildDomain (23ms)
		EndReloadAssembly (697ms)
			LoadAssemblies (77ms)
			RebuildTransferFunctionScriptingTraits (0ms)
			SetupTypeCache (241ms)
			ReleaseScriptCaches (1ms)
			RebuildScriptCaches (47ms)
			SetupLoadedEditorAssemblies (264ms)
				LogAssemblyErrors (0ms)
				InitializePlatformSupportModulesInManaged (4ms)
				SetLoadedEditorAssemblies (0ms)
				RefreshPlugins (0ms)
				BeforeProcessingInitializeOnLoad (67ms)
				ProcessInitializeOnLoadAttributes (184ms)
				ProcessInitializeOnLoadMethodAttributes (3ms)
				AfterProcessingInitializeOnLoad (6ms)
				EditorAssembliesLoaded (0ms)
			ExecutionOrderSort2 (0ms)
			AwakeInstancesAfterBackupRestoration (4ms)
Platform modules already initialized, skipping
========================================================================
Worker process is ready to serve import requests
Launched and connected shader compiler UnityShaderCompiler.exe after 0.04 seconds
Refreshing native plugins compatible for Editor in 0.37 ms, found 2 plugins.
Preloading 0 native plugins for Editor in 0.00 ms.
Unloading 1491 Unused Serialized files (Serialized files now loaded: 0)
System memory in use before: 69.9 MB.
System memory in use after: 69.9 MB.

Unloading 20 unused Assets to reduce memory usage. Loaded Objects now: 1923.
Total: 1.717300 ms (FindLiveObjects: 0.127800 ms CreateObjectMapping: 0.034000 ms MarkObjects: 1.479700 ms  DeleteObjects: 0.074500 ms)

AssetImportParameters requested are different than current active one (requested -> active):
  custom:framework-win-MediaFoundation: 216162199b28c13a410421893ffa2e32 -> 
  custom:video-decoder-ogg-theora: a1e56fd34408186e4bbccfd4996cb3dc -> 
  custom:container-muxer-webm: aa71ff27fc2769a1b78a27578f13a17b -> 
  custom:container-demuxer-webm: 4f35f7cbe854078d1ac9338744f61a02 -> 
  custom:container-demuxer-ogg: 62fdf1f143b41e24485cea50d1cbac27 -> 
  custom:video-encoder-webm-vp8: eb34c28f22e8b96e1ab97ce403110664 -> 
  custom:video-decoder-webm-vp8: 9c59270c3fd7afecdb556c50c9e8de78 -> 
  custom:audio-decoder-ogg-vorbis: bf7c407c2cedff20999df2af8eb42d56 -> 
  custom:audio-encoder-webm-vorbis: bf7c407c2cedff20999df2af8eb42d56 -> 
========================================================================
Received Import Request.
  path: Assets/WSH
  artifactKey: Guid(2e45a28d77b897343a2291cd52beb671) Importer(815301076,1909f56bfc062723c751e8b465ee728b)
Start importing Assets/WSH using Guid(2e45a28d77b897343a2291cd52beb671) Importer(815301076,1909f56bfc062723c751e8b465ee728b)  -> (artifact id: '130c247d9f42f8c8295777317144ada6') in 0.006291 seconds 
  Import took 0.008427 seconds .

========================================================================
Received Import Request.
  Time since last request: 0.000231 seconds.
  path: Assets/Scenes
  artifactKey: Guid(50949e649a373dd4ca260ab2edec0fa1) Importer(815301076,1909f56bfc062723c751e8b465ee728b)
Start importing Assets/Scenes using Guid(50949e649a373dd4ca260ab2edec0fa1) Importer(815301076,1909f56bfc062723c751e8b465ee728b)  -> (artifact id: 'c7783164652cdc66052cb0e45a3bea26') in 0.002588 seconds 
  Import took 0.005789 seconds .

========================================================================
Received Import Request.
  Time since last request: 0.000370 seconds.
  path: Assets/SH_EffectFactory.cs
  artifactKey: Guid(e86481a688128ce498fe7e7842fabed0) Importer(815301076,1909f56bfc062723c751e8b465ee728b)
Start importing Assets/SH_EffectFactory.cs using Guid(e86481a688128ce498fe7e7842fabed0) Importer(815301076,1909f56bfc062723c751e8b465ee728b)  -> (artifact id: 'bcd887231e7a316f0d30931968f5f889') in 0.017261 seconds 
  Import took 0.020392 seconds .

========================================================================
Received Import Request.
  Time since last request: 0.000215 seconds.
  path: Assets/Scripts
  artifactKey: Guid(edb76809481a0dc44b464f0d48382aff) Importer(815301076,1909f56bfc062723c751e8b465ee728b)
Start importing Assets/Scripts using Guid(edb76809481a0dc44b464f0d48382aff) Importer(815301076,1909f56bfc062723c751e8b465ee728b)  -> (artifact id: 'f74166ce56b61cee595888ca4a71987a') in 0.002832 seconds 
  Import took 0.004977 seconds .

========================================================================
Received Import Request.
  Time since last request: 0.000253 seconds.
  path: Assets/Scenes/SampleScene.unity
  artifactKey: Guid(9fc0d4010bbf28b4594072e72b8655ab) Importer(815301076,1909f56bfc062723c751e8b465ee728b)
Start importing Assets/Scenes/SampleScene.unity using Guid(9fc0d4010bbf28b4594072e72b8655ab) Importer(815301076,1909f56bfc062723c751e8b465ee728b)  -> (artifact id: '85059f4f9e1a832ed95adaa0d25c5c4c') in 0.010164 seconds 
  Import took 0.012416 seconds .

========================================================================
Received Import Request.
  Time since last request: 1.820810 seconds.
  path: Assets/WSH/Scripts
  artifactKey: Guid(a2dec40a9d51c8c458feecfbe6434bba) Importer(815301076,1909f56bfc062723c751e8b465ee728b)
Start importing Assets/WSH/Scripts using Guid(a2dec40a9d51c8c458feecfbe6434bba) Importer(815301076,1909f56bfc062723c751e8b465ee728b)  -> (artifact id: 'a58fba508c90b1b3a3cec59c8ce92152') in 0.003010 seconds 
  Import took 0.004933 seconds .

========================================================================
Received Import Request.
  Time since last request: 0.490549 seconds.
  path: Assets/WSH/Scenes
  artifactKey: Guid(88a9324652b93d54589d4b8b511280f8) Importer(815301076,1909f56bfc062723c751e8b465ee728b)
Start importing Assets/WSH/Scenes using Guid(88a9324652b93d54589d4b8b511280f8) Importer(815301076,1909f56bfc062723c751e8b465ee728b)  -> (artifact id: '593002f6d9ad3b778e0134ff4a9cee29') in 0.003055 seconds 
  Import took 0.005103 seconds .

========================================================================
Received Import Request.
  Time since last request: 2.131132 seconds.
  path: Assets/WSH/Scenes/StartScene.unity
  artifactKey: Guid(076dd6ebe10c7f94cb206415f1103bbb) Importer(815301076,1909f56bfc062723c751e8b465ee728b)
Start importing Assets/WSH/Scenes/StartScene.unity using Guid(076dd6ebe10c7f94cb206415f1103bbb) Importer(815301076,1909f56bfc062723c751e8b465ee728b)  -> (artifact id: '8ed85f0f167b4291cdcd72cde0b828e7') in 0.004062 seconds 
  Import took 0.007561 seconds .

